<?xml version="1.0" encoding="UTF-8"?>
<testsuite xmlns:xsi="http://www.w3.org/2001/XMLSchema-instance" xsi:noNamespaceSchemaLocation="https://maven.apache.org/surefire/maven-surefire-plugin/xsd/surefire-test-report.xsd" name="praktikum.BurgerPriceTest" time="0.966" tests="5" errors="0" skipped="0" failures="0">
  <properties>
[...]
</properties>
  <testcase name="testGetPrice[Булочка:100 | Цена:200]" classname="praktikum.BurgerPriceTest" time="0.879"/>
  <testcase name="testGetPrice[Булочка:200 | Цена:500]" classname="praktikum.BurgerPriceTest" time="0.002"/>
  <testcase name="testGetPrice[Булочка:300 | Цена:700]" classname="praktikum.BurgerPriceTest" time="0"/>
  <testcase name="testGetPrice[Булочка:100 | Цена:600]" classname="praktikum.BurgerPriceTest" time="0"/>
  <testcase name="testGetPrice[Булочка:200 | Цена:800]" classname="praktikum.BurgerPriceTest" time="0.002"/>
</testsuite>